<?xml version="1.0" encoding="UTF-8"?>
<!-- Generated by org.testng.reporters.JUnitReportReporter -->
<testsuite skipped="0" hostname="DESKTOP-J1AL87L" name="com.test.homepage.TC001_verifyLoginwithInvalidCendential" tests="1" failures="0" timestamp="08 Dec 2018 10:39:16 GMT" time="15.690" errors="0">
  <testcase name="verifyLoginwithInvalidCendential" time="15.690" classname="com.test.homepage.TC001_verifyLoginwithInvalidCendential"/>
</testsuite> <!-- com.test.homepage.TC001_verifyLoginwithInvalidCendential -->
