<?xml version="1.0" encoding="UTF-8"?>
<!-- Generated by org.testng.reporters.JUnitReportReporter -->
<testsuite skipped="0" hostname="DESKTOP-J1AL87L" name="com.test.homepage.TC003_Homepage" tests="1" failures="0" timestamp="27 Oct 2018 17:00:26 GMT" time="0.017" errors="0">
  <testcase name="testHomepage" time="0.017" classname="com.test.homepage.TC003_Homepage"/>
</testsuite> <!-- com.test.homepage.TC003_Homepage -->
