<?xml version="1.0" encoding="UTF-8"?>
<!-- Generated by org.testng.reporters.JUnitReportReporter -->
<testsuite skipped="0" hostname="DESKTOP-J1AL87L" name="LoginPage.TC002_Login" tests="1" failures="0" timestamp="23 Oct 2018 05:27:53 GMT" time="20.899" errors="0">
  <testcase name="LoginTest" time="20.899" classname="LoginPage.TC002_Login"/>
</testsuite> <!-- LoginPage.TC002_Login -->
