<?xml version="1.0" encoding="UTF-8"?>
<!-- Generated by org.testng.reporters.JUnitReportReporter -->
<testsuite skipped="0" hostname="DESKTOP-J1AL87L" name="com.test.homepage.TC006_VerifyLoginwithValiddata" tests="1" failures="0" timestamp="23 Oct 2018 06:51:30 GMT" time="25.069" errors="0">
  <testcase name="verifyLoginwithInvalidCendential" time="25.069" classname="com.test.homepage.TC006_VerifyLoginwithValiddata"/>
</testsuite> <!-- com.test.homepage.TC006_VerifyLoginwithValiddata -->
