<?xml version="1.0" encoding="UTF-8"?>
<!-- Generated by org.testng.reporters.JUnitReportReporter -->
<testsuite skipped="0" hostname="DESKTOP-J1AL87L" name="com.test.homepage.TC003_VerifyLoginWithDifferentRecords" tests="4" failures="0" timestamp="01 Jan 2019 15:10:44 GMT" time="27.674" errors="0">
  <testcase name="LoginTest" time="13.595" classname="com.test.homepage.TC003_VerifyLoginWithDifferentRecords"/>
  <testcase name="LoginTest" time="4.466" classname="com.test.homepage.TC003_VerifyLoginWithDifferentRecords"/>
  <testcase name="LoginTest" time="4.788" classname="com.test.homepage.TC003_VerifyLoginWithDifferentRecords"/>
  <testcase name="LoginTest" time="4.825" classname="com.test.homepage.TC003_VerifyLoginWithDifferentRecords"/>
</testsuite> <!-- com.test.homepage.TC003_VerifyLoginWithDifferentRecords -->
