<?xml version="1.0" encoding="UTF-8"?>
<!-- Generated by org.testng.reporters.JUnitReportReporter -->
<testsuite skipped="0" hostname="DESKTOP-J1AL87L" name="com.test.Products.TC001_MenuTest" tests="1" failures="0" timestamp="22 Dec 2018 11:53:36 GMT" time="9.797" errors="0">
  <testcase name="MenuTest" time="9.797" classname="com.test.Products.TC001_MenuTest"/>
</testsuite> <!-- com.test.Products.TC001_MenuTest -->
