<?xml version="1.0" encoding="UTF-8"?>
<!-- Generated by org.testng.reporters.JUnitReportReporter -->
<testsuite skipped="0" hostname="DESKTOP-J1AL87L" name="com.test.homepage.TC004_CreateAccount" tests="1" failures="0" timestamp="22 Oct 2018 09:44:53 GMT" time="21.624" errors="0">
  <testcase name="createAccountTest" time="21.624" classname="com.test.homepage.TC004_CreateAccount"/>
</testsuite> <!-- com.test.homepage.TC004_CreateAccount -->
