<?xml version="1.0" encoding="UTF-8"?>
<!-- Generated by org.testng.reporters.JUnitReportReporter -->
<testsuite skipped="0" hostname="DESKTOP-J1AL87L" name="com.test.RegisterPage.CopyandPasteTest" tests="1" failures="0" timestamp="10 Nov 2018 07:51:20 GMT" time="43.447" errors="0">
  <testcase name="verifyTest" time="43.447" classname="com.test.RegisterPage.CopyandPasteTest"/>
</testsuite> <!-- com.test.RegisterPage.CopyandPasteTest -->
